<?xml version="1.0" encoding="UTF-8" ?>
<testsuites errors="0"
            failures="1"
            tests="1">

  <testsuite name="Button"
    errors="0" failures="1" hostname="" id="" package="Button" skipped="0"
    tests="1" time="2.965" timestamp="">
  
    <testcase name="idle" classname="Button" time="2.965" assertions="1">  <failure message="Testing if element &lt;#test-element&gt; contains text: &#34;Hello!&#34; in 1000 ms. - expected [0;32m&#34;Hello!&#34;[0m but got: [0;31m&#34;Hello&#34;[0m">    at Object.idle (/Users/kich/Work/skbkontur/retail-ui/packages/react-ui-night/tests/Button.js:16:15)
    at &lt;anonymous&gt;
    at process._tickCallback (internal/process/next_tick.js:189:7)</failure>

    <failure message="    at Object.idle (/Users/kich/Work/skbkontur/retail-ui/packages/react-ui-night/tests/Button.js:16:15)">    at &lt;anonymous&gt;
    at process._tickCallback (internal/process/next_tick.js:189:7)</failure>
    </testcase>
  

  

  
  </testsuite>
</testsuites>
